15:29:03 **** Incremental Build of configuration Debug for project SocketPrac ****
ninja all 
[1/2] Building src/socketprac.o
FAILED: clang++ -MMD -MT src/socketprac.o -MF src/socketprac.o.d  -I"/Users/HyunJae/tizen/SocketPrac/inc" -O0 -g3 -Wall -c -fmessage-length=0 -target i386-tizen-linux-gnueabi -gcc-toolchain /Users/HyunJae/tizen-sdk/tools/smart-build-interface/../i386-linux-gnueabi-gcc-4.6/ -ccc-gcc-name i386-linux-gnueabi-g++ -march=i386 -Wno-gnu -fPIE --sysroot="/Users/HyunJae/tizen-sdk/tools/smart-build-interface/../../platforms/tizen-2.3.1/wearable/rootstraps/wearable-2.3.1-emulator.core" -I"/Users/HyunJae/tizen-sdk/tools/smart-build-interface/../../platforms/tizen-2.3.1/wearable/rootstraps/wearable-2.3.1-emulator.core/usr/include/libxml2" -I"/Users/HyunJae/tizen-sdk/tools/smart-build-interface/../../platforms/tizen-2.3.1/wearable/rootstraps/wearable-2.3.1-emulator.core/usr/include" -I"/Users/HyunJae/tizen-sdk/tools/smart-build-interface/../../platforms/tizen-2.3.1/wearable/rootstraps/wearable-2.3.1-emulator.core/usr/include/appcore-agent" -I"/Users/HyunJae/tizen-sdk/tools/smart-build-interface/../../platforms/tizen-2.3.1/wearable/rootstraps/wearable-2.3.1-emulator.core/usr/include/appcore-watch" -I"/Users/HyunJae/tizen-sdk/tools/smart-build-interface/../../platforms/tizen-2.3.1/wearable/rootstraps/wearable-2.3.1-emulator.core/usr/include/appfw" -I"/Users/HyunJae/tizen-sdk/tools/smart-build-interface/../../platforms/tizen-2.3.1/wearable/rootstraps/wearable-2.3.1-emulator.core/usr/include/badge" -I"/Users/HyunJae/tizen-sdk/tools/smart-build-interface/../../platforms/tizen-2.3.1/wearable/rootstraps/wearable-2.3.1-emulator.core/usr/include/base" -I"/Users/HyunJae/tizen-sdk/tools/smart-build-interface/../../platforms/tizen-2.3.1/wearable/rootstraps/wearable-2.3.1-emulator.core/usr/include/cairo" -I"/Users/HyunJae/tizen-sdk/tools/smart-build-interface/../../platforms/tizen-2.3.1/wearable/rootstraps/wearable-2.3.1-emulator.core/usr/include/ckm" -I"/Users/HyunJae/tizen-sdk/tools/smart-build-interface/../../platforms/tizen-2.3.1/wearable/rootstraps/wearable-2.3.1-emulator.core/usr/include/content" -I"/Users/HyunJae/tizen-sdk/tools/smart-build-interface/../../platforms/tizen-2.3.1/wearable/rootstraps/wearable-2.3.1-emulator.core/usr/include/context-manager" -I"/Users/HyunJae/tizen-sdk/tools/smart-build-interface/../../platforms/tizen-2.3.1/wearable/rootstraps/wearable-2.3.1-emulator.core/usr/include/dbus-1.0" -I"/Users/HyunJae/tizen-sdk/tools/smart-build-interface/../../platforms/tizen-2.3.1/wearable/rootstraps/wearable-2.3.1-emulator.core/usr/include/device" -I"/Users/HyunJae/tizen-sdk/tools/smart-build-interface/../../platforms/tizen-2.3.1/wearable/rootstraps/wearable-2.3.1-emulator.core/usr/include/dlog" -I"/Users/HyunJae/tizen-sdk/tools/smart-build-interface/../../platforms/tizen-2.3.1/wearable/rootstraps/wearable-2.3.1-emulator.core/usr/include/ecore-1" -I"/Users/HyunJae/tizen-sdk/tools/smart-build-interface/../../platforms/tizen-2.3.1/wearable/rootstraps/wearable-2.3.1-emulator.core/usr/include/e_dbus-1" -I"/Users/HyunJae/tizen-sdk/tools/smart-build-interface/../../platforms/tizen-2.3.1/wearable/rootstraps/wearable-2.3.1-emulator.core/usr/include/edje-1" -I"/Users/HyunJae/tizen-sdk/tools/smart-build-interface/../../platforms/tizen-2.3.1/wearable/rootstraps/wearable-2.3.1-emulator.core/usr/include/eet-1" -I"/Users/HyunJae/tizen-sdk/tools/smart-build-interface/../../platforms/tizen-2.3.1/wearable/rootstraps/wearable-2.3.1-emulator.core/usr/include/efl-extension" -I"/Users/HyunJae/tizen-sdk/tools/smart-build-interface/../../platforms/tizen-2.3.1/wearable/rootstraps/wearable-2.3.1-emulator.core/usr/include/efreet-1" -I"/Users/HyunJae/tizen-sdk/tools/smart-build-interface/../../platforms/tizen-2.3.1/wearable/rootstraps/wearable-2.3.1-emulator.core/usr/include/eina-1" -I"/Users/HyunJae/tizen-sdk/tools/smart-build-interface/../../platforms/tizen-2.3.1/wearable/rootstraps/wearable-2.3.1-emulator.core/usr/include/eina-1/eina" -I"/Users/HyunJae/tizen-sdk/tools/smart-build-interface/../../platforms/tizen-2.3.1/wearable/rootstraps/wearable-2.3.1-emulator.core/usr/include/eio-1" -I"/Users/HyunJae/tizen-sdk/tools/smart-build-interface/../../platforms/tizen-2.3.1/wearable/rootstraps/wearable-2.3.1-emulator.core/usr/include/elementary-1" -I"/Users/HyunJae/tizen-sdk/tools/smart-build-interface/../../platforms/tizen-2.3.1/wearable/rootstraps/wearable-2.3.1-emulator.core/usr/include/embryo-1" -I"/Users/HyunJae/tizen-sdk/tools/smart-build-interface/../../platforms/tizen-2.3.1/wearable/rootstraps/wearable-2.3.1-emulator.core/usr/include/ethumb-1" -I"/Users/HyunJae/tizen-sdk/tools/smart-build-interface/../../platforms/tizen-2.3.1/wearable/rootstraps/wearable-2.3.1-emulator.core/usr/include/evas-1" -I"/Users/HyunJae/tizen-sdk/tools/smart-build-interface/../../platforms/tizen-2.3.1/wearable/rootstraps/wearable-2.3.1-emulator.core/usr/include/ewebkit2-0" -I"/Users/HyunJae/tizen-sdk/tools/smart-build-interface/../../platforms/tizen-2.3.1/wearable/rootstraps/wearable-2.3.1-emulator.core/usr/include/fontconfig" -I"/Users/HyunJae/tizen-sdk/tools/smart-build-interface/../../platforms/tizen-2.3.1/wearable/rootstraps/wearable-2.3.1-emulator.core/usr/include/freetype2" -I"/Users/HyunJae/tizen-sdk/tools/smart-build-interface/../../platforms/tizen-2.3.1/wearable/rootstraps/wearable-2.3.1-emulator.core/usr/include/gio-unix-2.0" -I"/Users/HyunJae/tizen-sdk/tools/smart-build-interface/../../platforms/tizen-2.3.1/wearable/rootstraps/wearable-2.3.1-emulator.core/usr/include/glib-2.0" -I"/Users/HyunJae/tizen-sdk/tools/smart-build-interface/../../platforms/tizen-2.3.1/wearable/rootstraps/wearable-2.3.1-emulator.core/usr/include/json-glib-1.0" -I"/Users/HyunJae/tizen-sdk/tools/smart-build-interface/../../platforms/tizen-2.3.1/wearable/rootstraps/wearable-2.3.1-emulator.core/usr/include/json-glib-1.0/json-glib" -I"/Users/HyunJae/tizen-sdk/tools/smart-build-interface/../../platforms/tizen-2.3.1/wearable/rootstraps/wearable-2.3.1-emulator.core/usr/include/location" -I"/Users/HyunJae/tizen-sdk/tools/smart-build-interface/../../platforms/tizen-2.3.1/wearable/rootstraps/wearable-2.3.1-emulator.core/usr/include/media" -I"/Users/HyunJae/tizen-sdk/tools/smart-build-interface/../../platforms/tizen-2.3.1/wearable/rootstraps/wearable-2.3.1-emulator.core/usr/include/media-content" -I"/Users/HyunJae/tizen-sdk/tools/smart-build-interface/../../platforms/tizen-2.3.1/wearable/rootstraps/wearable-2.3.1-emulator.core/usr/include/messaging" -I"/Users/HyunJae/tizen-sdk/tools/smart-build-interface/../../platforms/tizen-2.3.1/wearable/rootstraps/wearable-2.3.1-emulator.core/usr/include/minizip" -I"/Users/HyunJae/tizen-sdk/tools/smart-build-interface/../../platforms/tizen-2.3.1/wearable/rootstraps/wearable-2.3.1-emulator.core/usr/include/network" -I"/Users/HyunJae/tizen-sdk/tools/smart-build-interface/../../platforms/tizen-2.3.1/wearable/rootstraps/wearable-2.3.1-emulator.core/usr/include/notification" -I"/Users/HyunJae/tizen-sdk/tools/smart-build-interface/../../platforms/tizen-2.3.1/wearable/rootstraps/wearable-2.3.1-emulator.core/usr/include/sensor" -I"/Users/HyunJae/tizen-sdk/tools/smart-build-interface/../../platforms/tizen-2.3.1/wearable/rootstraps/wearable-2.3.1-emulator.core/usr/include/storage" -I"/Users/HyunJae/tizen-sdk/tools/smart-build-interface/../../platforms/tizen-2.3.1/wearable/rootstraps/wearable-2.3.1-emulator.core/usr/include/system" -I"/Users/HyunJae/tizen-sdk/tools/smart-build-interface/../../platforms/tizen-2.3.1/wearable/rootstraps/wearable-2.3.1-emulator.core/usr/include/telephony" -I"/Users/HyunJae/tizen-sdk/tools/smart-build-interface/../../platforms/tizen-2.3.1/wearable/rootstraps/wearable-2.3.1-emulator.core/usr/include/ui" -I"/Users/HyunJae/tizen-sdk/tools/smart-build-interface/../../platforms/tizen-2.3.1/wearable/rootstraps/wearable-2.3.1-emulator.core/usr/include/widget_service" -I"/Users/HyunJae/tizen-sdk/tools/smart-build-interface/../../platforms/tizen-2.3.1/wearable/rootstraps/wearable-2.3.1-emulator.core/usr/include/widget_viewer_evas" -I"/Users/HyunJae/tizen-sdk/tools/smart-build-interface/../../platforms/tizen-2.3.1/wearable/rootstraps/wearable-2.3.1-emulator.core/usr/lib/dbus-1.0/include" -I"/Users/HyunJae/tizen-sdk/tools/smart-build-interface/../../platforms/tizen-2.3.1/wearable/rootstraps/wearable-2.3.1-emulator.core/usr/lib/glib-2.0/include" -c ../src/socketprac.cpp -o src/socketprac.o
../src/socketprac.cpp:11:18: error: no member named 'issockAccessible' in '_Socket'; did you mean 'isAccessible'?
    if ( socket->issockAccessible (socket))
                 ^~~~~~~~~~~~~~~~
                 isAccessible
/Users/HyunJae/tizen/SocketPrac/inc/Commnucation/Socket.h:123:13: note: 'isAccessible' declared here
    bool (* isAccessible) (Socket this_gen);
            ^
../src/socketprac.cpp:13:22: error: no member named 'onSocketConnect' in '_Socket'
        if ( socket->onSocketConnect (socket, url, port))
             ~~~~~~  ^
../src/socketprac.cpp:19:13: error: use of undeclared identifier 'LOG_ID_MAIN'
            LOGINFO("dit", "Server msg : %s", *ret);
            ^
/Users/HyunJae/tizen/SocketPrac/inc/Interface/Log.h:33:43: note: expanded from macro 'LOGINFO'
#define LOGINFO(tag, format, arg...) LOG_(LOG_ID_MAIN, DLOG_INFO, tag, format, ##arg)
                                          ^
../src/socketprac.cpp:43:13: error: cannot initialize a variable of type 'appdata_s *' (aka 'appdata *') with an lvalue of type 'void *'
        appdata_s *ad = data;
                   ^    ~~~~
../src/socketprac.cpp:104:13: error: cannot initialize a variable of type 'appdata_s *' (aka 'appdata *') with an lvalue of type 'void *'
        appdata_s *ad = data;
                   ^    ~~~~
../src/socketprac.cpp:109:24: warning: conversion from string literal to 'char *' is deprecated [-Wc++11-compat-deprecated-writable-strings]
        Socket_commnuication ("54.238.179.56", 2000, "asdf", &ret);
                              ^
../src/socketprac.cpp:109:47: warning: conversion from string literal to 'char *' is deprecated [-Wc++11-compat-deprecated-writable-strings]
        Socket_commnuication ("54.238.179.56", 2000, "asdf", &ret);
                                                     ^
2 warnings and 5 errors generated.
ninja: build stopped: subcommand failed.

15:29:04 Build Finished (took 292ms)

